Flow report for SEA
Wed Mar 06 18:02:19 2019
Quartus Prime Version 18.0.0 Build 614 04/24/2018 SJ Standard Edition


---------------------
; Table of Contents ;
---------------------
  1. Legal Notice
  2. Flow Summary
  3. Flow Settings
  4. Flow Non-Default Global Settings
  5. Flow Elapsed Time
  6. Flow OS Summary
  7. Flow Log
  8. Flow Messages
  9. Flow Suppressed Messages



----------------
; Legal Notice ;
----------------
Copyright (C) 2018  Intel Corporation. All rights reserved.
Your use of Intel Corporation's design tools, logic functions 
and other software and tools, and its AMPP partner logic 
functions, and any output files from any of the foregoing 
(including device programming or simulation files), and any 
associated documentation or information are expressly subject 
to the terms and conditions of the Intel Program License 
Subscription Agreement, the Intel Quartus Prime License Agreement,
the Intel FPGA IP License Agreement, or other applicable license
agreement, including, without limitation, that your use is for
the sole purpose of programming logic devices manufactured by
Intel and sold by Intel or its authorized distributors.  Please
refer to the applicable agreement for further details.



+--------------------------------------------------------------------------------------+
; Flow Summary                                                                         ;
+------------------------------------+-------------------------------------------------+
; Flow Status                        ; Successful - Wed Mar 06 18:02:19 2019           ;
; Quartus Prime Version              ; 18.0.0 Build 614 04/24/2018 SJ Standard Edition ;
; Revision Name                      ; SEA                                             ;
; Top-level Entity Name              ; SEA                                             ;
; Family                             ; Cyclone IV E                                    ;
; Device                             ; EP4CE6F17C8                                     ;
; Timing Models                      ; Final                                           ;
; Total logic elements               ; 2,753 / 6,272 ( 44 % )                          ;
;     Total combinational functions  ; 2,555 / 6,272 ( 41 % )                          ;
;     Dedicated logic registers      ; 864 / 6,272 ( 14 % )                            ;
; Total registers                    ; 864                                             ;
; Total pins                         ; 40 / 180 ( 22 % )                               ;
; Total virtual pins                 ; 0                                               ;
; Total memory bits                  ; 1,568 / 276,480 ( < 1 % )                       ;
; Embedded Multiplier 9-bit elements ; 28 / 30 ( 93 % )                                ;
; Total PLLs                         ; 1 / 2 ( 50 % )                                  ;
+------------------------------------+-------------------------------------------------+


+-----------------------------------------+
; Flow Settings                           ;
+-------------------+---------------------+
; Option            ; Setting             ;
+-------------------+---------------------+
; Start date & time ; 03/06/2019 17:57:56 ;
; Main task         ; Compilation         ;
; Revision Name     ; SEA                 ;
+-------------------+---------------------+


+-----------------------------------------------------------------------------------------------------------------------------+
; Flow Non-Default Global Settings                                                                                            ;
+-------------------------------------+----------------------------------------+---------------+-------------+----------------+
; Assignment Name                     ; Value                                  ; Default Value ; Entity Name ; Section Id     ;
+-------------------------------------+----------------------------------------+---------------+-------------+----------------+
; COMPILER_SIGNATURE_ID               ; 184849019768691.155186627601872        ; --            ; --          ; --             ;
; EDA_OUTPUT_DATA_FORMAT              ; Verilog Hdl                            ; --            ; --          ; eda_simulation ;
; EDA_SIMULATION_TOOL                 ; ModelSim-Altera (Verilog)              ; <None>        ; --          ; --             ;
; MAX_CORE_JUNCTION_TEMP              ; 85                                     ; --            ; --          ; --             ;
; MIN_CORE_JUNCTION_TEMP              ; 0                                      ; --            ; --          ; --             ;
; MISC_FILE                           ; PLL_M.bsf                              ; --            ; --          ; --             ;
; MISC_FILE                           ; PLL_M_bb.v                             ; --            ; --          ; --             ;
; MISC_FILE                           ; PLL_M.ppf                              ; --            ; --          ; --             ;
; MISC_FILE                           ; DECODE.bsf                             ; --            ; --          ; --             ;
; MISC_FILE                           ; DECODE_bb.v                            ; --            ; --          ; --             ;
; MISC_FILE                           ; fifo_data.bsf                          ; --            ; --          ; --             ;
; MISC_FILE                           ; fifo_data_inst.v                       ; --            ; --          ; --             ;
; MISC_FILE                           ; fifo_data_bb.v                         ; --            ; --          ; --             ;
; MISC_FILE                           ; DECODE1.bsf                            ; --            ; --          ; --             ;
; MISC_FILE                           ; DECODE1_bb.v                           ; --            ; --          ; --             ;
; OUTPUT_IO_TIMING_FAR_END_VMEAS      ; Half Signal Swing                      ; --            ; --          ; --             ;
; OUTPUT_IO_TIMING_FAR_END_VMEAS      ; Half Signal Swing                      ; --            ; --          ; --             ;
; OUTPUT_IO_TIMING_NEAR_END_VMEAS     ; Half Vccio                             ; --            ; --          ; --             ;
; OUTPUT_IO_TIMING_NEAR_END_VMEAS     ; Half Vccio                             ; --            ; --          ; --             ;
; PARTITION_COLOR                     ; -- (Not supported for targeted family) ; --            ; --          ; Top            ;
; PARTITION_FITTER_PRESERVATION_LEVEL ; -- (Not supported for targeted family) ; --            ; --          ; Top            ;
; PARTITION_NETLIST_TYPE              ; -- (Not supported for targeted family) ; --            ; --          ; Top            ;
; POWER_BOARD_THERMAL_MODEL           ; None (CONSERVATIVE)                    ; --            ; --          ; --             ;
; POWER_PRESET_COOLING_SOLUTION       ; 23 MM HEAT SINK WITH 200 LFPM AIRFLOW  ; --            ; --          ; --             ;
; PROJECT_OUTPUT_DIRECTORY            ; output_files                           ; --            ; --          ; --             ;
+-------------------------------------+----------------------------------------+---------------+-------------+----------------+


+--------------------------------------------------------------------------------------------------------------------------+
; Flow Elapsed Time                                                                                                        ;
+----------------------+--------------+-------------------------+---------------------+------------------------------------+
; Module Name          ; Elapsed Time ; Average Processors Used ; Peak Virtual Memory ; Total CPU Time (on all processors) ;
+----------------------+--------------+-------------------------+---------------------+------------------------------------+
; Analysis & Synthesis ; 00:01:30     ; 1.0                     ; 4834 MB             ; 00:01:35                           ;
; Fitter               ; 00:01:50     ; 1.1                     ; 5417 MB             ; 00:01:53                           ;
; Assembler            ; 00:00:10     ; 1.0                     ; 4702 MB             ; 00:00:06                           ;
; Timing Analyzer      ; 00:00:28     ; 1.1                     ; 4800 MB             ; 00:00:24                           ;
; EDA Netlist Writer   ; 00:00:14     ; 1.0                     ; 4696 MB             ; 00:00:11                           ;
; Total                ; 00:04:12     ; --                      ; --                  ; 00:04:09                           ;
+----------------------+--------------+-------------------------+---------------------+------------------------------------+


+------------------------------------------------------------------------------------+
; Flow OS Summary                                                                    ;
+----------------------+------------------+------------+------------+----------------+
; Module Name          ; Machine Hostname ; OS Name    ; OS Version ; Processor type ;
+----------------------+------------------+------------+------------+----------------+
; Analysis & Synthesis ; Guo-DJ           ; Windows 10 ; 10.0       ; x86_64         ;
; Fitter               ; Guo-DJ           ; Windows 10 ; 10.0       ; x86_64         ;
; Assembler            ; Guo-DJ           ; Windows 10 ; 10.0       ; x86_64         ;
; Timing Analyzer      ; Guo-DJ           ; Windows 10 ; 10.0       ; x86_64         ;
; EDA Netlist Writer   ; Guo-DJ           ; Windows 10 ; 10.0       ; x86_64         ;
+----------------------+------------------+------------+------------+----------------+


------------
; Flow Log ;
------------
quartus_map --read_settings_files=on --write_settings_files=off SEA -c SEA
quartus_fit --read_settings_files=off --write_settings_files=off SEA -c SEA
quartus_asm --read_settings_files=off --write_settings_files=off SEA -c SEA
quartus_sta SEA -c SEA
quartus_eda --read_settings_files=off --write_settings_files=off SEA -c SEA



